-Xajruntimetarget:1.5
-15
-encoding
UTF-8
-classpath
/Users/johnmcmahon/.m2/repository/org/quartz-scheduler/quartz/2.3.2/quartz-2.3.2.jar:/Users/johnmcmahon/.m2/repository/com/mchange/mchange-commons-java/0.2.15/mchange-commons-java-0.2.15.jar:/Users/johnmcmahon/.m2/repository/org/slf4j/slf4j-api/2.0.16/slf4j-api-2.0.16.jar:/Users/johnmcmahon/.m2/repository/org/kohsuke/github-api/1.326/github-api-1.326.jar:/Users/johnmcmahon/.m2/repository/org/apache/commons/commons-lang3/3.17.0/commons-lang3-3.17.0.jar:/Users/johnmcmahon/.m2/repository/commons-io/commons-io/2.16.1/commons-io-2.16.1.jar:/Users/johnmcmahon/.m2/repository/org/ogce/xpp3/1.1.6/xpp3-1.1.6.jar:/Users/johnmcmahon/.m2/repository/junit/junit/4.13.2/junit-4.13.2.jar:/Users/johnmcmahon/.m2/repository/org/hamcrest/hamcrest-core/2.2/hamcrest-core-2.2.jar:/Users/johnmcmahon/.m2/repository/jakarta-regexp/jakarta-regexp/1.4/jakarta-regexp-1.4.jar:/Users/johnmcmahon/.m2/repository/org/springframework/boot/spring-boot-starter-web/3.4.1/spring-boot-starter-web-3.4.1.jar:/Users/johnmcmahon/.m2/repository/org/springframework/boot/spring-boot-starter/3.4.1/spring-boot-starter-3.4.1.jar:/Users/johnmcmahon/.m2/repository/org/springframework/boot/spring-boot/3.4.1/spring-boot-3.4.1.jar:/Users/johnmcmahon/.m2/repository/org/springframework/boot/spring-boot-autoconfigure/3.4.1/spring-boot-autoconfigure-3.4.1.jar:/Users/johnmcmahon/.m2/repository/org/springframework/boot/spring-boot-starter-logging/3.4.1/spring-boot-starter-logging-3.4.1.jar:/Users/johnmcmahon/.m2/repository/ch/qos/logback/logback-classic/1.5.12/logback-classic-1.5.12.jar:/Users/johnmcmahon/.m2/repository/ch/qos/logback/logback-core/1.5.12/logback-core-1.5.12.jar:/Users/johnmcmahon/.m2/repository/org/apache/logging/log4j/log4j-to-slf4j/2.24.3/log4j-to-slf4j-2.24.3.jar:/Users/johnmcmahon/.m2/repository/org/apache/logging/log4j/log4j-api/2.24.3/log4j-api-2.24.3.jar:/Users/johnmcmahon/.m2/repository/org/slf4j/jul-to-slf4j/2.0.16/jul-to-slf4j-2.0.16.jar:/Users/johnmcmahon/.m2/repository/jakarta/annotation/jakarta.annotation-api/2.1.1/jakarta.annotation-api-2.1.1.jar:/Users/johnmcmahon/.m2/repository/org/springframework/boot/spring-boot-starter-json/3.4.1/spring-boot-starter-json-3.4.1.jar:/Users/johnmcmahon/.m2/repository/com/fasterxml/jackson/datatype/jackson-datatype-jdk8/2.18.2/jackson-datatype-jdk8-2.18.2.jar:/Users/johnmcmahon/.m2/repository/com/fasterxml/jackson/module/jackson-module-parameter-names/2.18.2/jackson-module-parameter-names-2.18.2.jar:/Users/johnmcmahon/.m2/repository/org/springframework/boot/spring-boot-starter-tomcat/3.4.1/spring-boot-starter-tomcat-3.4.1.jar:/Users/johnmcmahon/.m2/repository/org/apache/tomcat/embed/tomcat-embed-core/10.1.34/tomcat-embed-core-10.1.34.jar:/Users/johnmcmahon/.m2/repository/org/apache/tomcat/embed/tomcat-embed-websocket/10.1.34/tomcat-embed-websocket-10.1.34.jar:/Users/johnmcmahon/workspace/2025/valkyr/demo-game/generated/spring/lib/generator-1.0-SNAPSHOT.jar:/Users/johnmcmahon/.m2/repository/software/amazon/awssdk/ecs/2.29.39/ecs-2.29.39.jar:/Users/johnmcmahon/.m2/repository/software/amazon/awssdk/aws-json-protocol/2.29.39/aws-json-protocol-2.29.39.jar:/Users/johnmcmahon/.m2/repository/software/amazon/awssdk/third-party-jackson-core/2.29.39/third-party-jackson-core-2.29.39.jar:/Users/johnmcmahon/.m2/repository/software/amazon/awssdk/protocol-core/2.29.39/protocol-core-2.29.39.jar:/Users/johnmcmahon/.m2/repository/software/amazon/awssdk/http-auth-aws/2.29.39/http-auth-aws-2.29.39.jar:/Users/johnmcmahon/.m2/repository/software/amazon/awssdk/sdk-core/2.29.39/sdk-core-2.29.39.jar:/Users/johnmcmahon/.m2/repository/software/amazon/awssdk/retries/2.29.39/retries-2.29.39.jar:/Users/johnmcmahon/.m2/repository/org/reactivestreams/reactive-streams/1.0.4/reactive-streams-1.0.4.jar:/Users/johnmcmahon/.m2/repository/software/amazon/awssdk/auth/2.29.39/auth-2.29.39.jar:/Users/johnmcmahon/.m2/repository/software/amazon/awssdk/http-auth-aws-eventstream/2.29.39/http-auth-aws-eventstream-2.29.39.jar:/Users/johnmcmahon/.m2/repository/software/amazon/eventstream/eventstream/1.0.1/eventstream-1.0.1.jar:/Users/johnmcmahon/.m2/repository/software/amazon/awssdk/http-auth-spi/2.29.39/http-auth-spi-2.29.39.jar:/Users/johnmcmahon/.m2/repository/software/amazon/awssdk/http-auth/2.29.39/http-auth-2.29.39.jar:/Users/johnmcmahon/.m2/repository/software/amazon/awssdk/identity-spi/2.29.39/identity-spi-2.29.39.jar:/Users/johnmcmahon/.m2/repository/software/amazon/awssdk/http-client-spi/2.29.39/http-client-spi-2.29.39.jar:/Users/johnmcmahon/.m2/repository/software/amazon/awssdk/regions/2.29.39/regions-2.29.39.jar:/Users/johnmcmahon/.m2/repository/software/amazon/awssdk/annotations/2.29.39/annotations-2.29.39.jar:/Users/johnmcmahon/.m2/repository/software/amazon/awssdk/utils/2.29.39/utils-2.29.39.jar:/Users/johnmcmahon/.m2/repository/software/amazon/awssdk/aws-core/2.29.39/aws-core-2.29.39.jar:/Users/johnmcmahon/.m2/repository/software/amazon/awssdk/metrics-spi/2.29.39/metrics-spi-2.29.39.jar:/Users/johnmcmahon/.m2/repository/software/amazon/awssdk/json-utils/2.29.39/json-utils-2.29.39.jar:/Users/johnmcmahon/.m2/repository/software/amazon/awssdk/endpoints-spi/2.29.39/endpoints-spi-2.29.39.jar:/Users/johnmcmahon/.m2/repository/software/amazon/awssdk/retries-spi/2.29.39/retries-spi-2.29.39.jar:/Users/johnmcmahon/.m2/repository/com/amazonaws/aws-lambda-java-core/1.2.3/aws-lambda-java-core-1.2.3.jar:/Users/johnmcmahon/.m2/repository/software/amazon/awssdk/lambda/2.29.39/lambda-2.29.39.jar:/Users/johnmcmahon/.m2/repository/software/amazon/awssdk/s3/2.29.39/s3-2.29.39.jar:/Users/johnmcmahon/.m2/repository/software/amazon/awssdk/aws-xml-protocol/2.29.39/aws-xml-protocol-2.29.39.jar:/Users/johnmcmahon/.m2/repository/software/amazon/awssdk/aws-query-protocol/2.29.39/aws-query-protocol-2.29.39.jar:/Users/johnmcmahon/.m2/repository/software/amazon/awssdk/arns/2.29.39/arns-2.29.39.jar:/Users/johnmcmahon/.m2/repository/software/amazon/awssdk/profiles/2.29.39/profiles-2.29.39.jar:/Users/johnmcmahon/.m2/repository/software/amazon/awssdk/crt-core/2.29.39/crt-core-2.29.39.jar:/Users/johnmcmahon/.m2/repository/software/amazon/awssdk/checksums/2.29.39/checksums-2.29.39.jar:/Users/johnmcmahon/.m2/repository/software/amazon/awssdk/checksums-spi/2.29.39/checksums-spi-2.29.39.jar:/Users/johnmcmahon/workspace/2025/valkyr/demo-game/generated/spring/lib/OpenXLS-12.0.1-SNAPSHOT.jar:/Users/johnmcmahon/.m2/repository/org/springframework/spring-messaging/6.2.1/spring-messaging-6.2.1.jar:/Users/johnmcmahon/.m2/repository/org/springframework/spring-beans/6.2.1/spring-beans-6.2.1.jar:/Users/johnmcmahon/.m2/repository/org/springframework/spring-websocket/6.2.1/spring-websocket-6.2.1.jar:/Users/johnmcmahon/.m2/repository/org/springframework/spring-context/6.2.1/spring-context-6.2.1.jar:/Users/johnmcmahon/.m2/repository/io/jsonwebtoken/jjwt-api/0.12.6/jjwt-api-0.12.6.jar:/Users/johnmcmahon/.m2/repository/io/jsonwebtoken/jjwt/0.12.6/jjwt-0.12.6.jar:/Users/johnmcmahon/.m2/repository/org/aspectj/aspectjrt/1.9.22.1/aspectjrt-1.9.22.1.jar:/Users/johnmcmahon/.m2/repository/org/aspectj/aspectjtools/1.9.22.1/aspectjtools-1.9.22.1.jar:/Users/johnmcmahon/.m2/repository/org/aspectj/aspectjweaver/1.9.22.1/aspectjweaver-1.9.22.1.jar:/Users/johnmcmahon/.m2/repository/org/springframework/boot/spring-boot-starter-data-jpa/3.4.1/spring-boot-starter-data-jpa-3.4.1.jar:/Users/johnmcmahon/.m2/repository/org/springframework/boot/spring-boot-starter-jdbc/3.4.1/spring-boot-starter-jdbc-3.4.1.jar:/Users/johnmcmahon/.m2/repository/com/zaxxer/HikariCP/5.1.0/HikariCP-5.1.0.jar:/Users/johnmcmahon/.m2/repository/org/hibernate/orm/hibernate-core/6.6.4.Final/hibernate-core-6.6.4.Final.jar:/Users/johnmcmahon/.m2/repository/jakarta/persistence/jakarta.persistence-api/3.1.0/jakarta.persistence-api-3.1.0.jar:/Users/johnmcmahon/.m2/repository/jakarta/transaction/jakarta.transaction-api/2.0.1/jakarta.transaction-api-2.0.1.jar:/Users/johnmcmahon/.m2/repository/org/antlr/antlr4-runtime/4.13.0/antlr4-runtime-4.13.0.jar:/Users/johnmcmahon/.m2/repository/org/springframework/data/spring-data-jpa/3.4.1/spring-data-jpa-3.4.1.jar:/Users/johnmcmahon/.m2/repository/org/springframework/data/spring-data-commons/3.4.1/spring-data-commons-3.4.1.jar:/Users/johnmcmahon/.m2/repository/org/springframework/spring-orm/6.2.1/spring-orm-6.2.1.jar:/Users/johnmcmahon/.m2/repository/org/springframework/spring-aspects/6.2.1/spring-aspects-6.2.1.jar:/Users/johnmcmahon/.m2/repository/org/springframework/boot/spring-boot-starter-validation/3.4.1/spring-boot-starter-validation-3.4.1.jar:/Users/johnmcmahon/.m2/repository/org/apache/tomcat/embed/tomcat-embed-el/10.1.34/tomcat-embed-el-10.1.34.jar:/Users/johnmcmahon/.m2/repository/jakarta/xml/bind/jakarta.xml.bind-api/4.0.2/jakarta.xml.bind-api-4.0.2.jar:/Users/johnmcmahon/.m2/repository/jakarta/activation/jakarta.activation-api/2.1.3/jakarta.activation-api-2.1.3.jar:/Users/johnmcmahon/.m2/repository/org/hamcrest/hamcrest/2.2/hamcrest-2.2.jar:/Users/johnmcmahon/.m2/repository/com/squareup/okhttp3/okhttp/4.12.0/okhttp-4.12.0.jar:/Users/johnmcmahon/.m2/repository/com/squareup/okio/okio/3.6.0/okio-3.6.0.jar:/Users/johnmcmahon/.m2/repository/com/squareup/okio/okio-jvm/3.6.0/okio-jvm-3.6.0.jar:/Users/johnmcmahon/.m2/repository/org/jetbrains/kotlin/kotlin-stdlib-common/1.9.25/kotlin-stdlib-common-1.9.25.jar:/Users/johnmcmahon/.m2/repository/org/jetbrains/kotlin/kotlin-stdlib-jdk8/1.9.25/kotlin-stdlib-jdk8-1.9.25.jar:/Users/johnmcmahon/.m2/repository/org/jetbrains/kotlin/kotlin-stdlib/1.9.25/kotlin-stdlib-1.9.25.jar:/Users/johnmcmahon/.m2/repository/org/jetbrains/annotations/13.0/annotations-13.0.jar:/Users/johnmcmahon/.m2/repository/org/jetbrains/kotlin/kotlin-stdlib-jdk7/1.9.25/kotlin-stdlib-jdk7-1.9.25.jar:/Users/johnmcmahon/.m2/repository/org/springframework/security/spring-security-core/6.4.2/spring-security-core-6.4.2.jar:/Users/johnmcmahon/.m2/repository/org/springframework/spring-aop/6.2.1/spring-aop-6.2.1.jar:/Users/johnmcmahon/.m2/repository/org/springframework/spring-expression/6.2.1/spring-expression-6.2.1.jar:/Users/johnmcmahon/.m2/repository/io/micrometer/micrometer-observation/1.14.2/micrometer-observation-1.14.2.jar:/Users/johnmcmahon/.m2/repository/io/micrometer/micrometer-commons/1.14.2/micrometer-commons-1.14.2.jar:/Users/johnmcmahon/.m2/repository/org/springframework/security/spring-security-acl/6.4.2/spring-security-acl-6.4.2.jar:/Users/johnmcmahon/.m2/repository/org/springframework/spring-jdbc/6.2.1/spring-jdbc-6.2.1.jar:/Users/johnmcmahon/.m2/repository/org/springframework/spring-tx/6.2.1/spring-tx-6.2.1.jar:/Users/johnmcmahon/.m2/repository/org/springframework/security/spring-security-config/6.4.2/spring-security-config-6.4.2.jar:/Users/johnmcmahon/.m2/repository/org/springframework/security/spring-security-web/6.4.2/spring-security-web-6.4.2.jar:/Users/johnmcmahon/.m2/repository/org/springframework/security/spring-security-crypto/6.4.2/spring-security-crypto-6.4.2.jar:/Users/johnmcmahon/.m2/repository/org/springframework/spring-core/6.2.1/spring-core-6.2.1.jar:/Users/johnmcmahon/.m2/repository/org/springframework/spring-jcl/6.2.1/spring-jcl-6.2.1.jar:/Users/johnmcmahon/.m2/repository/org/springframework/spring-web/6.2.1/spring-web-6.2.1.jar:/Users/johnmcmahon/.m2/repository/org/springframework/spring-webmvc/6.2.1/spring-webmvc-6.2.1.jar:/Users/johnmcmahon/.m2/repository/jakarta/validation/jakarta.validation-api/3.0.2/jakarta.validation-api-3.0.2.jar:/Users/johnmcmahon/.m2/repository/org/hibernate/validator/hibernate-validator/8.0.2.Final/hibernate-validator-8.0.2.Final.jar:/Users/johnmcmahon/.m2/repository/org/jboss/logging/jboss-logging/3.6.1.Final/jboss-logging-3.6.1.Final.jar:/Users/johnmcmahon/.m2/repository/com/fasterxml/classmate/1.7.0/classmate-1.7.0.jar:/Users/johnmcmahon/.m2/repository/javax/annotation/javax.annotation-api/1.3.2/javax.annotation-api-1.3.2.jar:/Users/johnmcmahon/.m2/repository/com/h2database/h2/2.3.232/h2-2.3.232.jar:/Users/johnmcmahon/.m2/repository/com/mysql/mysql-connector-j/9.1.0/mysql-connector-j-9.1.0.jar:/Users/johnmcmahon/.m2/repository/javax/persistence/javax.persistence-api/2.2/javax.persistence-api-2.2.jar:/Users/johnmcmahon/.m2/repository/org/json/json/20240303/json-20240303.jar:/Users/johnmcmahon/.m2/repository/org/springdoc/springdoc-openapi-starter-webmvc-ui/2.6.0/springdoc-openapi-starter-webmvc-ui-2.6.0.jar:/Users/johnmcmahon/.m2/repository/org/springdoc/springdoc-openapi-starter-webmvc-api/2.6.0/springdoc-openapi-starter-webmvc-api-2.6.0.jar:/Users/johnmcmahon/.m2/repository/org/springdoc/springdoc-openapi-starter-common/2.6.0/springdoc-openapi-starter-common-2.6.0.jar:/Users/johnmcmahon/.m2/repository/io/swagger/core/v3/swagger-core-jakarta/2.2.22/swagger-core-jakarta-2.2.22.jar:/Users/johnmcmahon/.m2/repository/io/swagger/core/v3/swagger-annotations-jakarta/2.2.22/swagger-annotations-jakarta-2.2.22.jar:/Users/johnmcmahon/.m2/repository/io/swagger/core/v3/swagger-models-jakarta/2.2.22/swagger-models-jakarta-2.2.22.jar:/Users/johnmcmahon/.m2/repository/org/webjars/swagger-ui/5.17.14/swagger-ui-5.17.14.jar:/Users/johnmcmahon/.m2/repository/com/fasterxml/jackson/dataformat/jackson-dataformat-yaml/2.18.2/jackson-dataformat-yaml-2.18.2.jar:/Users/johnmcmahon/.m2/repository/org/yaml/snakeyaml/2.3/snakeyaml-2.3.jar:/Users/johnmcmahon/.m2/repository/com/fasterxml/jackson/core/jackson-core/2.18.2/jackson-core-2.18.2.jar:/Users/johnmcmahon/.m2/repository/com/fasterxml/jackson/datatype/jackson-datatype-jsr310/2.18.2/jackson-datatype-jsr310-2.18.2.jar:/Users/johnmcmahon/.m2/repository/com/fasterxml/jackson/core/jackson-annotations/2.18.2/jackson-annotations-2.18.2.jar:/Users/johnmcmahon/.m2/repository/org/openapitools/jackson-databind-nullable/0.2.6/jackson-databind-nullable-0.2.6.jar:/Users/johnmcmahon/.m2/repository/com/fasterxml/jackson/core/jackson-databind/2.18.2/jackson-databind-2.18.2.jar:/Users/johnmcmahon/.m2/repository/jakarta/servlet/jakarta.servlet-api/6.0.0/jakarta.servlet-api-6.0.0.jar:/Users/johnmcmahon/.m2/repository/org/reflections/reflections/0.10.2/reflections-0.10.2.jar:/Users/johnmcmahon/.m2/repository/org/javassist/javassist/3.28.0-GA/javassist-3.28.0-GA.jar:/Users/johnmcmahon/.m2/repository/com/google/code/findbugs/jsr305/3.0.2/jsr305-3.0.2.jar:/Users/johnmcmahon/.m2/repository/io/jsonwebtoken/jjwt-impl/0.12.6/jjwt-impl-0.12.6.jar:/Users/johnmcmahon/.m2/repository/io/jsonwebtoken/jjwt-jackson/0.12.6/jjwt-jackson-0.12.6.jar:/Users/johnmcmahon/.m2/repository/org/springframework/boot/spring-boot-starter-test/3.4.1/spring-boot-starter-test-3.4.1.jar:/Users/johnmcmahon/workspace/2025/valkyr/demo-game/generated/spring/target/classes
-aspectpath
/Users/johnmcmahon/workspace/2025/valkyr/demo-game/generated/spring/lib/generator-1.0-SNAPSHOT.jar
-d
/Users/johnmcmahon/workspace/2025/valkyr/demo-game/generated/spring/target/classes
-s
/Users/johnmcmahon/workspace/2025/valkyr/demo-game/generated/spring/target/generated-sources/aspectj-maven-plugin
/Users/johnmcmahon/workspace/2025/valkyr/demo-game/generated/spring/src/main/java/org/openapitools/configuration/SpringDocConfiguration.java
/Users/johnmcmahon/workspace/2025/valkyr/demo-game/generated/spring/src/main/java/org/openapitools/configuration/HomeController.java
/Users/johnmcmahon/workspace/2025/valkyr/demo-game/generated/spring/src/main/java/org/openapitools/OpenApiGeneratorApplication.java
/Users/johnmcmahon/workspace/2025/valkyr/demo-game/generated/spring/src/main/java/org/openapitools/RFC3339DateFormat.java
/Users/johnmcmahon/workspace/2025/valkyr/demo-game/generated/spring/src/main/java/com/valkyrlabs/model/ContentData.java
/Users/johnmcmahon/workspace/2025/valkyr/demo-game/generated/spring/src/main/java/com/valkyrlabs/model/LevelService.java
/Users/johnmcmahon/workspace/2025/valkyr/demo-game/generated/spring/src/main/java/com/valkyrlabs/model/ExecModule.java
/Users/johnmcmahon/workspace/2025/valkyr/demo-game/generated/spring/src/main/java/com/valkyrlabs/model/Solution.java
/Users/johnmcmahon/workspace/2025/valkyr/demo-game/generated/spring/src/main/java/com/valkyrlabs/model/StrategicPriority.java
/Users/johnmcmahon/workspace/2025/valkyr/demo-game/generated/spring/src/main/java/com/valkyrlabs/model/LogoutService.java
/Users/johnmcmahon/workspace/2025/valkyr/demo-game/generated/spring/src/main/java/com/valkyrlabs/model/Build.java
/Users/johnmcmahon/workspace/2025/valkyr/demo-game/generated/spring/src/main/java/com/valkyrlabs/model/BuildOutputService.java
/Users/johnmcmahon/workspace/2025/valkyr/demo-game/generated/spring/src/main/java/com/valkyrlabs/model/PersistentLoginService.java
/Users/johnmcmahon/workspace/2025/valkyr/demo-game/generated/spring/src/main/java/com/valkyrlabs/model/Application.java
/Users/johnmcmahon/workspace/2025/valkyr/demo-game/generated/spring/src/main/java/com/valkyrlabs/model/EventLogService.java
/Users/johnmcmahon/workspace/2025/valkyr/demo-game/generated/spring/src/main/java/com/valkyrlabs/model/ContentMediaLink.java
/Users/johnmcmahon/workspace/2025/valkyr/demo-game/generated/spring/src/main/java/com/valkyrlabs/model/Customer.java
/Users/johnmcmahon/workspace/2025/valkyr/demo-game/generated/spring/src/main/java/com/valkyrlabs/model/DataObject.java
/Users/johnmcmahon/workspace/2025/valkyr/demo-game/generated/spring/src/main/java/com/valkyrlabs/model/WeaponService.java
/Users/johnmcmahon/workspace/2025/valkyr/demo-game/generated/spring/src/main/java/com/valkyrlabs/model/Organization.java
/Users/johnmcmahon/workspace/2025/valkyr/demo-game/generated/spring/src/main/java/com/valkyrlabs/model/ThorUser.java
/Users/johnmcmahon/workspace/2025/valkyr/demo-game/generated/spring/src/main/java/com/valkyrlabs/model/AclSid.java
/Users/johnmcmahon/workspace/2025/valkyr/demo-game/generated/spring/src/main/java/com/valkyrlabs/model/ChatResponse.java
/Users/johnmcmahon/workspace/2025/valkyr/demo-game/generated/spring/src/main/java/com/valkyrlabs/model/Reaction.java
/Users/johnmcmahon/workspace/2025/valkyr/demo-game/generated/spring/src/main/java/com/valkyrlabs/model/AclObjectIdentityService.java
/Users/johnmcmahon/workspace/2025/valkyr/demo-game/generated/spring/src/main/java/com/valkyrlabs/model/Attack.java
/Users/johnmcmahon/workspace/2025/valkyr/demo-game/generated/spring/src/main/java/com/valkyrlabs/model/PersistentLogin.java
/Users/johnmcmahon/workspace/2025/valkyr/demo-game/generated/spring/src/main/java/com/valkyrlabs/model/AuthorityService.java
/Users/johnmcmahon/workspace/2025/valkyr/demo-game/generated/spring/src/main/java/com/valkyrlabs/model/Login.java
/Users/johnmcmahon/workspace/2025/valkyr/demo-game/generated/spring/src/main/java/com/valkyrlabs/model/DependService.java
/Users/johnmcmahon/workspace/2025/valkyr/demo-game/generated/spring/src/main/java/com/valkyrlabs/model/KeyMetricService.java
/Users/johnmcmahon/workspace/2025/valkyr/demo-game/generated/spring/src/main/java/com/valkyrlabs/model/EventLog.java
/Users/johnmcmahon/workspace/2025/valkyr/demo-game/generated/spring/src/main/java/com/valkyrlabs/model/AclObjectIdentity.java
/Users/johnmcmahon/workspace/2025/valkyr/demo-game/generated/spring/src/main/java/com/valkyrlabs/model/IntegrationAccountService.java
/Users/johnmcmahon/workspace/2025/valkyr/demo-game/generated/spring/src/main/java/com/valkyrlabs/model/Address.java
/Users/johnmcmahon/workspace/2025/valkyr/demo-game/generated/spring/src/main/java/com/valkyrlabs/model/IntegrationAccount.java
/Users/johnmcmahon/workspace/2025/valkyr/demo-game/generated/spring/src/main/java/com/valkyrlabs/model/GameWeaponIDX.java
/Users/johnmcmahon/workspace/2025/valkyr/demo-game/generated/spring/src/main/java/com/valkyrlabs/model/AclEntry.java
/Users/johnmcmahon/workspace/2025/valkyr/demo-game/generated/spring/src/main/java/com/valkyrlabs/model/SecureKeyService.java
/Users/johnmcmahon/workspace/2025/valkyr/demo-game/generated/spring/src/main/java/com/valkyrlabs/model/RoleService.java
/Users/johnmcmahon/workspace/2025/valkyr/demo-game/generated/spring/src/main/java/com/valkyrlabs/model/ContentMediaLinkService.java
/Users/johnmcmahon/workspace/2025/valkyr/demo-game/generated/spring/src/main/java/com/valkyrlabs/model/OrganizationService.java
/Users/johnmcmahon/workspace/2025/valkyr/demo-game/generated/spring/src/main/java/com/valkyrlabs/model/OpportunityService.java
/Users/johnmcmahon/workspace/2025/valkyr/demo-game/generated/spring/src/main/java/com/valkyrlabs/model/UserPreferences.java
/Users/johnmcmahon/workspace/2025/valkyr/demo-game/generated/spring/src/main/java/com/valkyrlabs/model/WorkflowService.java
/Users/johnmcmahon/workspace/2025/valkyr/demo-game/generated/spring/src/main/java/com/valkyrlabs/model/SolutionService.java
/Users/johnmcmahon/workspace/2025/valkyr/demo-game/generated/spring/src/main/java/com/valkyrlabs/model/WorkflowState.java
/Users/johnmcmahon/workspace/2025/valkyr/demo-game/generated/spring/src/main/java/com/valkyrlabs/model/AclClassService.java
/Users/johnmcmahon/workspace/2025/valkyr/demo-game/generated/spring/src/main/java/com/valkyrlabs/model/AclSidService.java
/Users/johnmcmahon/workspace/2025/valkyr/demo-game/generated/spring/src/main/java/com/valkyrlabs/model/Depend.java
/Users/johnmcmahon/workspace/2025/valkyr/demo-game/generated/spring/src/main/java/com/valkyrlabs/model/Opportunity.java
/Users/johnmcmahon/workspace/2025/valkyr/demo-game/generated/spring/src/main/java/com/valkyrlabs/model/UserPreferencesService.java
/Users/johnmcmahon/workspace/2025/valkyr/demo-game/generated/spring/src/main/java/com/valkyrlabs/model/KeyMetric.java
/Users/johnmcmahon/workspace/2025/valkyr/demo-game/generated/spring/src/main/java/com/valkyrlabs/model/BackupConfigService.java
/Users/johnmcmahon/workspace/2025/valkyr/demo-game/generated/spring/src/main/java/com/valkyrlabs/model/LlmDetails.java
/Users/johnmcmahon/workspace/2025/valkyr/demo-game/generated/spring/src/main/java/com/valkyrlabs/model/Game.java
/Users/johnmcmahon/workspace/2025/valkyr/demo-game/generated/spring/src/main/java/com/valkyrlabs/model/Authority.java
/Users/johnmcmahon/workspace/2025/valkyr/demo-game/generated/spring/src/main/java/com/valkyrlabs/model/StrategicPriorityService.java
/Users/johnmcmahon/workspace/2025/valkyr/demo-game/generated/spring/src/main/java/com/valkyrlabs/model/BuildService.java
/Users/johnmcmahon/workspace/2025/valkyr/demo-game/generated/spring/src/main/java/com/valkyrlabs/model/ChatMessageService.java
/Users/johnmcmahon/workspace/2025/valkyr/demo-game/generated/spring/src/main/java/com/valkyrlabs/model/Task.java
/Users/johnmcmahon/workspace/2025/valkyr/demo-game/generated/spring/src/main/java/com/valkyrlabs/model/GoalDependency.java
/Users/johnmcmahon/workspace/2025/valkyr/demo-game/generated/spring/src/main/java/com/valkyrlabs/model/LlmDetailsService.java
/Users/johnmcmahon/workspace/2025/valkyr/demo-game/generated/spring/src/main/java/com/valkyrlabs/model/Principal.java
/Users/johnmcmahon/workspace/2025/valkyr/demo-game/generated/spring/src/main/java/com/valkyrlabs/model/CustomerService.java
/Users/johnmcmahon/workspace/2025/valkyr/demo-game/generated/spring/src/main/java/com/valkyrlabs/model/Rating.java
/Users/johnmcmahon/workspace/2025/valkyr/demo-game/generated/spring/src/main/java/com/valkyrlabs/model/AddressService.java
/Users/johnmcmahon/workspace/2025/valkyr/demo-game/generated/spring/src/main/java/com/valkyrlabs/model/Role.java
/Users/johnmcmahon/workspace/2025/valkyr/demo-game/generated/spring/src/main/java/com/valkyrlabs/model/GameWeaponIDXService.java
/Users/johnmcmahon/workspace/2025/valkyr/demo-game/generated/spring/src/main/java/com/valkyrlabs/model/ChatResponseService.java
/Users/johnmcmahon/workspace/2025/valkyr/demo-game/generated/spring/src/main/java/com/valkyrlabs/model/ApplicationService.java
/Users/johnmcmahon/workspace/2025/valkyr/demo-game/generated/spring/src/main/java/com/valkyrlabs/model/TaskService.java
/Users/johnmcmahon/workspace/2025/valkyr/demo-game/generated/spring/src/main/java/com/valkyrlabs/model/PrincipalService.java
/Users/johnmcmahon/workspace/2025/valkyr/demo-game/generated/spring/src/main/java/com/valkyrlabs/model/Goal.java
/Users/johnmcmahon/workspace/2025/valkyr/demo-game/generated/spring/src/main/java/com/valkyrlabs/model/SalesPipelineService.java
/Users/johnmcmahon/workspace/2025/valkyr/demo-game/generated/spring/src/main/java/com/valkyrlabs/model/GoalService.java
/Users/johnmcmahon/workspace/2025/valkyr/demo-game/generated/spring/src/main/java/com/valkyrlabs/model/AclEntryService.java
/Users/johnmcmahon/workspace/2025/valkyr/demo-game/generated/spring/src/main/java/com/valkyrlabs/model/SecureKey.java
/Users/johnmcmahon/workspace/2025/valkyr/demo-game/generated/spring/src/main/java/com/valkyrlabs/model/Level.java
/Users/johnmcmahon/workspace/2025/valkyr/demo-game/generated/spring/src/main/java/com/valkyrlabs/model/SalesActivityService.java
/Users/johnmcmahon/workspace/2025/valkyr/demo-game/generated/spring/src/main/java/com/valkyrlabs/model/ReactionService.java
/Users/johnmcmahon/workspace/2025/valkyr/demo-game/generated/spring/src/main/java/com/valkyrlabs/model/ChatMessage.java
/Users/johnmcmahon/workspace/2025/valkyr/demo-game/generated/spring/src/main/java/com/valkyrlabs/model/Logout.java
/Users/johnmcmahon/workspace/2025/valkyr/demo-game/generated/spring/src/main/java/com/valkyrlabs/model/SalesActivity.java
/Users/johnmcmahon/workspace/2025/valkyr/demo-game/generated/spring/src/main/java/com/valkyrlabs/model/BackupConfig.java
/Users/johnmcmahon/workspace/2025/valkyr/demo-game/generated/spring/src/main/java/com/valkyrlabs/model/SalesPipeline.java
/Users/johnmcmahon/workspace/2025/valkyr/demo-game/generated/spring/src/main/java/com/valkyrlabs/model/RatingService.java
/Users/johnmcmahon/workspace/2025/valkyr/demo-game/generated/spring/src/main/java/com/valkyrlabs/model/GameService.java
/Users/johnmcmahon/workspace/2025/valkyr/demo-game/generated/spring/src/main/java/com/valkyrlabs/model/Workflow.java
/Users/johnmcmahon/workspace/2025/valkyr/demo-game/generated/spring/src/main/java/com/valkyrlabs/model/AttackService.java
/Users/johnmcmahon/workspace/2025/valkyr/demo-game/generated/spring/src/main/java/com/valkyrlabs/model/WorkflowStateService.java
/Users/johnmcmahon/workspace/2025/valkyr/demo-game/generated/spring/src/main/java/com/valkyrlabs/model/ContentDataService.java
/Users/johnmcmahon/workspace/2025/valkyr/demo-game/generated/spring/src/main/java/com/valkyrlabs/model/ExecModuleService.java
/Users/johnmcmahon/workspace/2025/valkyr/demo-game/generated/spring/src/main/java/com/valkyrlabs/model/GoalDependencyService.java
/Users/johnmcmahon/workspace/2025/valkyr/demo-game/generated/spring/src/main/java/com/valkyrlabs/model/AclClass.java
/Users/johnmcmahon/workspace/2025/valkyr/demo-game/generated/spring/src/main/java/com/valkyrlabs/model/LoginService.java
/Users/johnmcmahon/workspace/2025/valkyr/demo-game/generated/spring/src/main/java/com/valkyrlabs/model/Weapon.java
/Users/johnmcmahon/workspace/2025/valkyr/demo-game/generated/spring/src/main/java/com/valkyrlabs/model/BuildOutput.java
/Users/johnmcmahon/workspace/2025/valkyr/demo-game/generated/spring/src/main/java/com/valkyrlabs/api/CustomerRepository.java
/Users/johnmcmahon/workspace/2025/valkyr/demo-game/generated/spring/src/main/java/com/valkyrlabs/api/AclClassPageableRepository.java
/Users/johnmcmahon/workspace/2025/valkyr/demo-game/generated/spring/src/main/java/com/valkyrlabs/api/SalesPipelineApiController.java
/Users/johnmcmahon/workspace/2025/valkyr/demo-game/generated/spring/src/main/java/com/valkyrlabs/api/AddressPageableRepository.java
/Users/johnmcmahon/workspace/2025/valkyr/demo-game/generated/spring/src/main/java/com/valkyrlabs/api/PrincipalRepository.java
/Users/johnmcmahon/workspace/2025/valkyr/demo-game/generated/spring/src/main/java/com/valkyrlabs/api/SalesActivityApi.java
/Users/johnmcmahon/workspace/2025/valkyr/demo-game/generated/spring/src/main/java/com/valkyrlabs/api/BuildOutputPageableRepository.java
/Users/johnmcmahon/workspace/2025/valkyr/demo-game/generated/spring/src/main/java/com/valkyrlabs/api/ApplicationPageableRepository.java
/Users/johnmcmahon/workspace/2025/valkyr/demo-game/generated/spring/src/main/java/com/valkyrlabs/api/CustomerPageableRepository.java
/Users/johnmcmahon/workspace/2025/valkyr/demo-game/generated/spring/src/main/java/com/valkyrlabs/api/SalesPipelineApiDelegate.java
/Users/johnmcmahon/workspace/2025/valkyr/demo-game/generated/spring/src/main/java/com/valkyrlabs/api/GameRepository.java
/Users/johnmcmahon/workspace/2025/valkyr/demo-game/generated/spring/src/main/java/com/valkyrlabs/api/LogoutApiDelegate.java
/Users/johnmcmahon/workspace/2025/valkyr/demo-game/generated/spring/src/main/java/com/valkyrlabs/api/BackupConfigRepository.java
/Users/johnmcmahon/workspace/2025/valkyr/demo-game/generated/spring/src/main/java/com/valkyrlabs/api/ChatResponseApi.java
/Users/johnmcmahon/workspace/2025/valkyr/demo-game/generated/spring/src/main/java/com/valkyrlabs/api/WorkflowStatePageableRepository.java
/Users/johnmcmahon/workspace/2025/valkyr/demo-game/generated/spring/src/main/java/com/valkyrlabs/api/SecureKeyApiController.java
/Users/johnmcmahon/workspace/2025/valkyr/demo-game/generated/spring/src/main/java/com/valkyrlabs/api/WeaponPageableRepository.java
/Users/johnmcmahon/workspace/2025/valkyr/demo-game/generated/spring/src/main/java/com/valkyrlabs/api/SecureKeyPageableRepository.java
/Users/johnmcmahon/workspace/2025/valkyr/demo-game/generated/spring/src/main/java/com/valkyrlabs/api/GoalPageableRepository.java
/Users/johnmcmahon/workspace/2025/valkyr/demo-game/generated/spring/src/main/java/com/valkyrlabs/api/ThorApplication.java
/Users/johnmcmahon/workspace/2025/valkyr/demo-game/generated/spring/src/main/java/com/valkyrlabs/api/ThorUserService.java
/Users/johnmcmahon/workspace/2025/valkyr/demo-game/generated/spring/src/main/java/com/valkyrlabs/api/LoginApiController.java
/Users/johnmcmahon/workspace/2025/valkyr/demo-game/generated/spring/src/main/java/com/valkyrlabs/api/TaskApiController.java
/Users/johnmcmahon/workspace/2025/valkyr/demo-game/generated/spring/src/main/java/com/valkyrlabs/api/EventLogApi.java
/Users/johnmcmahon/workspace/2025/valkyr/demo-game/generated/spring/src/main/java/com/valkyrlabs/api/LogoutApi.java
/Users/johnmcmahon/workspace/2025/valkyr/demo-game/generated/spring/src/main/java/com/valkyrlabs/api/ReactionPageableRepository.java
/Users/johnmcmahon/workspace/2025/valkyr/demo-game/generated/spring/src/main/java/com/valkyrlabs/api/SolutionPageableRepository.java
/Users/johnmcmahon/workspace/2025/valkyr/demo-game/generated/spring/src/main/java/com/valkyrlabs/api/ChatResponsePageableRepository.java
/Users/johnmcmahon/workspace/2025/valkyr/demo-game/generated/spring/src/main/java/com/valkyrlabs/api/AclSidPageableRepository.java
/Users/johnmcmahon/workspace/2025/valkyr/demo-game/generated/spring/src/main/java/com/valkyrlabs/api/ExecModulePageableRepository.java
/Users/johnmcmahon/workspace/2025/valkyr/demo-game/generated/spring/src/main/java/com/valkyrlabs/api/KeyMetricPageableRepository.java
/Users/johnmcmahon/workspace/2025/valkyr/demo-game/generated/spring/src/main/java/com/valkyrlabs/api/BuildRepository.java
/Users/johnmcmahon/workspace/2025/valkyr/demo-game/generated/spring/src/main/java/com/valkyrlabs/api/AuthorityPageableRepository.java
/Users/johnmcmahon/workspace/2025/valkyr/demo-game/generated/spring/src/main/java/com/valkyrlabs/api/RolePageableRepository.java
/Users/johnmcmahon/workspace/2025/valkyr/demo-game/generated/spring/src/main/java/com/valkyrlabs/api/ChatMessageApi.java
/Users/johnmcmahon/workspace/2025/valkyr/demo-game/generated/spring/src/main/java/com/valkyrlabs/api/EventLogApiController.java
/Users/johnmcmahon/workspace/2025/valkyr/demo-game/generated/spring/src/main/java/com/valkyrlabs/api/ApiUtil.java
/Users/johnmcmahon/workspace/2025/valkyr/demo-game/generated/spring/src/main/java/com/valkyrlabs/api/AclEntryApiController.java
/Users/johnmcmahon/workspace/2025/valkyr/demo-game/generated/spring/src/main/java/com/valkyrlabs/api/OrganizationPageableRepository.java
/Users/johnmcmahon/workspace/2025/valkyr/demo-game/generated/spring/src/main/java/com/valkyrlabs/api/LoginApi.java
/Users/johnmcmahon/workspace/2025/valkyr/demo-game/generated/spring/src/main/java/com/valkyrlabs/api/PrincipalApi.java
/Users/johnmcmahon/workspace/2025/valkyr/demo-game/generated/spring/src/main/java/com/valkyrlabs/api/WeaponApiDelegate.java
/Users/johnmcmahon/workspace/2025/valkyr/demo-game/generated/spring/src/main/java/com/valkyrlabs/api/PersistentLoginPageableRepository.java
/Users/johnmcmahon/workspace/2025/valkyr/demo-game/generated/spring/src/main/java/com/valkyrlabs/api/TaskApiDelegate.java
/Users/johnmcmahon/workspace/2025/valkyr/demo-game/generated/spring/src/main/java/com/valkyrlabs/api/GoalDependencyRepository.java
/Users/johnmcmahon/workspace/2025/valkyr/demo-game/generated/spring/src/main/java/com/valkyrlabs/api/RatingRepository.java
/Users/johnmcmahon/workspace/2025/valkyr/demo-game/generated/spring/src/main/java/com/valkyrlabs/api/KeyMetricRepository.java
/Users/johnmcmahon/workspace/2025/valkyr/demo-game/generated/spring/src/main/java/com/valkyrlabs/api/ExecModuleApi.java
/Users/johnmcmahon/workspace/2025/valkyr/demo-game/generated/spring/src/main/java/com/valkyrlabs/api/EventLogPageableRepository.java
/Users/johnmcmahon/workspace/2025/valkyr/demo-game/generated/spring/src/main/java/com/valkyrlabs/api/SolutionRepository.java
/Users/johnmcmahon/workspace/2025/valkyr/demo-game/generated/spring/src/main/java/com/valkyrlabs/api/AddressApi.java
/Users/johnmcmahon/workspace/2025/valkyr/demo-game/generated/spring/src/main/java/com/valkyrlabs/api/GameApi.java
/Users/johnmcmahon/workspace/2025/valkyr/demo-game/generated/spring/src/main/java/com/valkyrlabs/api/ApplicationApi.java
/Users/johnmcmahon/workspace/2025/valkyr/demo-game/generated/spring/src/main/java/com/valkyrlabs/api/IntegrationAccountRepository.java
/Users/johnmcmahon/workspace/2025/valkyr/demo-game/generated/spring/src/main/java/com/valkyrlabs/api/LlmDetailsApi.java
/Users/johnmcmahon/workspace/2025/valkyr/demo-game/generated/spring/src/main/java/com/valkyrlabs/api/RoleApi.java
/Users/johnmcmahon/workspace/2025/valkyr/demo-game/generated/spring/src/main/java/com/valkyrlabs/api/AclObjectIdentityRepository.java
/Users/johnmcmahon/workspace/2025/valkyr/demo-game/generated/spring/src/main/java/com/valkyrlabs/api/ContentMediaLinkPageableRepository.java
/Users/johnmcmahon/workspace/2025/valkyr/demo-game/generated/spring/src/main/java/com/valkyrlabs/api/AddressRepository.java
/Users/johnmcmahon/workspace/2025/valkyr/demo-game/generated/spring/src/main/java/com/valkyrlabs/api/GameWeaponIDXPageableRepository.java
/Users/johnmcmahon/workspace/2025/valkyr/demo-game/generated/spring/src/main/java/com/valkyrlabs/api/ContentMediaLinkApiController.java
/Users/johnmcmahon/workspace/2025/valkyr/demo-game/generated/spring/src/main/java/com/valkyrlabs/api/ReactionRepository.java
/Users/johnmcmahon/workspace/2025/valkyr/demo-game/generated/spring/src/main/java/com/valkyrlabs/api/RoleApiController.java
/Users/johnmcmahon/workspace/2025/valkyr/demo-game/generated/spring/src/main/java/com/valkyrlabs/api/DependRepository.java
/Users/johnmcmahon/workspace/2025/valkyr/demo-game/generated/spring/src/main/java/com/valkyrlabs/api/AddressApiController.java
/Users/johnmcmahon/workspace/2025/valkyr/demo-game/generated/spring/src/main/java/com/valkyrlabs/api/ContentDataRepository.java
/Users/johnmcmahon/workspace/2025/valkyr/demo-game/generated/spring/src/main/java/com/valkyrlabs/api/OrganizationRepository.java
/Users/johnmcmahon/workspace/2025/valkyr/demo-game/generated/spring/src/main/java/com/valkyrlabs/api/BuildOutputRepository.java
/Users/johnmcmahon/workspace/2025/valkyr/demo-game/generated/spring/src/main/java/com/valkyrlabs/api/AclObjectIdentityPageableRepository.java
/Users/johnmcmahon/workspace/2025/valkyr/demo-game/generated/spring/src/main/java/com/valkyrlabs/api/ApplicationRepository.java
/Users/johnmcmahon/workspace/2025/valkyr/demo-game/generated/spring/src/main/java/com/valkyrlabs/api/StrategicPriorityRepository.java
/Users/johnmcmahon/workspace/2025/valkyr/demo-game/generated/spring/src/main/java/com/valkyrlabs/api/SalesActivityRepository.java
/Users/johnmcmahon/workspace/2025/valkyr/demo-game/generated/spring/src/main/java/com/valkyrlabs/api/WeaponApi.java
/Users/johnmcmahon/workspace/2025/valkyr/demo-game/generated/spring/src/main/java/com/valkyrlabs/api/SalesPipelineApi.java
/Users/johnmcmahon/workspace/2025/valkyr/demo-game/generated/spring/src/main/java/com/valkyrlabs/api/SalesPipelineRepository.java
/Users/johnmcmahon/workspace/2025/valkyr/demo-game/generated/spring/src/main/java/com/valkyrlabs/api/OrganizationApiDelegate.java
/Users/johnmcmahon/workspace/2025/valkyr/demo-game/generated/spring/src/main/java/com/valkyrlabs/api/ChatMessageApiController.java
/Users/johnmcmahon/workspace/2025/valkyr/demo-game/generated/spring/src/main/java/com/valkyrlabs/api/PersistentLoginRepository.java
/Users/johnmcmahon/workspace/2025/valkyr/demo-game/generated/spring/src/main/java/com/valkyrlabs/api/ChatMessageApiDelegate.java
/Users/johnmcmahon/workspace/2025/valkyr/demo-game/generated/spring/src/main/java/com/valkyrlabs/api/LogoutPageableRepository.java
/Users/johnmcmahon/workspace/2025/valkyr/demo-game/generated/spring/src/main/java/com/valkyrlabs/api/AuthorityRepository.java
/Users/johnmcmahon/workspace/2025/valkyr/demo-game/generated/spring/src/main/java/com/valkyrlabs/api/ApplicationApiDelegate.java
/Users/johnmcmahon/workspace/2025/valkyr/demo-game/generated/spring/src/main/java/com/valkyrlabs/api/WorkflowStateApiDelegate.java
/Users/johnmcmahon/workspace/2025/valkyr/demo-game/generated/spring/src/main/java/com/valkyrlabs/api/EventLogApiDelegate.java
/Users/johnmcmahon/workspace/2025/valkyr/demo-game/generated/spring/src/main/java/com/valkyrlabs/api/AclEntryApi.java
/Users/johnmcmahon/workspace/2025/valkyr/demo-game/generated/spring/src/main/java/com/valkyrlabs/api/TaskRepository.java
/Users/johnmcmahon/workspace/2025/valkyr/demo-game/generated/spring/src/main/java/com/valkyrlabs/api/GameWeaponIDXRepository.java
/Users/johnmcmahon/workspace/2025/valkyr/demo-game/generated/spring/src/main/java/com/valkyrlabs/api/SalesActivityPageableRepository.java
/Users/johnmcmahon/workspace/2025/valkyr/demo-game/generated/spring/src/main/java/com/valkyrlabs/api/GoalDependencyPageableRepository.java
/Users/johnmcmahon/workspace/2025/valkyr/demo-game/generated/spring/src/main/java/com/valkyrlabs/api/RatingApiController.java
/Users/johnmcmahon/workspace/2025/valkyr/demo-game/generated/spring/src/main/java/com/valkyrlabs/api/OpportunityApiController.java
/Users/johnmcmahon/workspace/2025/valkyr/demo-game/generated/spring/src/main/java/com/valkyrlabs/api/ContentDataPageableRepository.java
/Users/johnmcmahon/workspace/2025/valkyr/demo-game/generated/spring/src/main/java/com/valkyrlabs/api/RatingApi.java
/Users/johnmcmahon/workspace/2025/valkyr/demo-game/generated/spring/src/main/java/com/valkyrlabs/api/UserPreferencesRepository.java
/Users/johnmcmahon/workspace/2025/valkyr/demo-game/generated/spring/src/main/java/com/valkyrlabs/api/IntegrationAccountApi.java
/Users/johnmcmahon/workspace/2025/valkyr/demo-game/generated/spring/src/main/java/com/valkyrlabs/api/RatingPageableRepository.java
/Users/johnmcmahon/workspace/2025/valkyr/demo-game/generated/spring/src/main/java/com/valkyrlabs/api/LevelApiController.java
/Users/johnmcmahon/workspace/2025/valkyr/demo-game/generated/spring/src/main/java/com/valkyrlabs/api/GamePageableRepository.java
/Users/johnmcmahon/workspace/2025/valkyr/demo-game/generated/spring/src/main/java/com/valkyrlabs/api/BackupConfigPageableRepository.java
/Users/johnmcmahon/workspace/2025/valkyr/demo-game/generated/spring/src/main/java/com/valkyrlabs/api/OpportunityApi.java
/Users/johnmcmahon/workspace/2025/valkyr/demo-game/generated/spring/src/main/java/com/valkyrlabs/api/UserPreferencesPageableRepository.java
/Users/johnmcmahon/workspace/2025/valkyr/demo-game/generated/spring/src/main/java/com/valkyrlabs/api/BuildPageableRepository.java
/Users/johnmcmahon/workspace/2025/valkyr/demo-game/generated/spring/src/main/java/com/valkyrlabs/api/AttackApiDelegate.java
/Users/johnmcmahon/workspace/2025/valkyr/demo-game/generated/spring/src/main/java/com/valkyrlabs/api/SalesActivityApiController.java
/Users/johnmcmahon/workspace/2025/valkyr/demo-game/generated/spring/src/main/java/com/valkyrlabs/api/WeaponRepository.java
/Users/johnmcmahon/workspace/2025/valkyr/demo-game/generated/spring/src/main/java/com/valkyrlabs/api/StrategicPriorityPageableRepository.java
/Users/johnmcmahon/workspace/2025/valkyr/demo-game/generated/spring/src/main/java/com/valkyrlabs/api/AttackPageableRepository.java
/Users/johnmcmahon/workspace/2025/valkyr/demo-game/generated/spring/src/main/java/com/valkyrlabs/api/LlmDetailsApiController.java
/Users/johnmcmahon/workspace/2025/valkyr/demo-game/generated/spring/src/main/java/com/valkyrlabs/api/AclEntryRepository.java
/Users/johnmcmahon/workspace/2025/valkyr/demo-game/generated/spring/src/main/java/com/valkyrlabs/api/ChatMessagePageableRepository.java
/Users/johnmcmahon/workspace/2025/valkyr/demo-game/generated/spring/src/main/java/com/valkyrlabs/api/RoleRepository.java
/Users/johnmcmahon/workspace/2025/valkyr/demo-game/generated/spring/src/main/java/com/valkyrlabs/api/WorkflowStateApiController.java
/Users/johnmcmahon/workspace/2025/valkyr/demo-game/generated/spring/src/main/java/com/valkyrlabs/api/SecureKeyApi.java
/Users/johnmcmahon/workspace/2025/valkyr/demo-game/generated/spring/src/main/java/com/valkyrlabs/api/GameApiController.java
/Users/johnmcmahon/workspace/2025/valkyr/demo-game/generated/spring/src/main/java/com/valkyrlabs/api/OpportunityApiDelegate.java
/Users/johnmcmahon/workspace/2025/valkyr/demo-game/generated/spring/src/main/java/com/valkyrlabs/api/OrganizationApiController.java
/Users/johnmcmahon/workspace/2025/valkyr/demo-game/generated/spring/src/main/java/com/valkyrlabs/api/WorkflowApi.java
/Users/johnmcmahon/workspace/2025/valkyr/demo-game/generated/spring/src/main/java/com/valkyrlabs/api/TaskPageableRepository.java
/Users/johnmcmahon/workspace/2025/valkyr/demo-game/generated/spring/src/main/java/com/valkyrlabs/api/WeaponApiController.java
/Users/johnmcmahon/workspace/2025/valkyr/demo-game/generated/spring/src/main/java/com/valkyrlabs/api/WorkflowApiController.java
/Users/johnmcmahon/workspace/2025/valkyr/demo-game/generated/spring/src/main/java/com/valkyrlabs/api/LoginApiDelegate.java
/Users/johnmcmahon/workspace/2025/valkyr/demo-game/generated/spring/src/main/java/com/valkyrlabs/api/ContentDataApi.java
/Users/johnmcmahon/workspace/2025/valkyr/demo-game/generated/spring/src/main/java/com/valkyrlabs/api/LogoutApiController.java
/Users/johnmcmahon/workspace/2025/valkyr/demo-game/generated/spring/src/main/java/com/valkyrlabs/api/GameApiDelegate.java
/Users/johnmcmahon/workspace/2025/valkyr/demo-game/generated/spring/src/main/java/com/valkyrlabs/api/OpportunityPageableRepository.java
/Users/johnmcmahon/workspace/2025/valkyr/demo-game/generated/spring/src/main/java/com/valkyrlabs/api/AclClassRepository.java
/Users/johnmcmahon/workspace/2025/valkyr/demo-game/generated/spring/src/main/java/com/valkyrlabs/api/ChatResponseRepository.java
/Users/johnmcmahon/workspace/2025/valkyr/demo-game/generated/spring/src/main/java/com/valkyrlabs/api/AttackApi.java
/Users/johnmcmahon/workspace/2025/valkyr/demo-game/generated/spring/src/main/java/com/valkyrlabs/api/CustomerApi.java
/Users/johnmcmahon/workspace/2025/valkyr/demo-game/generated/spring/src/main/java/com/valkyrlabs/api/SalesActivityApiDelegate.java
/Users/johnmcmahon/workspace/2025/valkyr/demo-game/generated/spring/src/main/java/com/valkyrlabs/api/LlmDetailsRepository.java
/Users/johnmcmahon/workspace/2025/valkyr/demo-game/generated/spring/src/main/java/com/valkyrlabs/api/ChatResponseApiController.java
/Users/johnmcmahon/workspace/2025/valkyr/demo-game/generated/spring/src/main/java/com/valkyrlabs/api/OrganizationApi.java
/Users/johnmcmahon/workspace/2025/valkyr/demo-game/generated/spring/src/main/java/com/valkyrlabs/api/AttackApiController.java
/Users/johnmcmahon/workspace/2025/valkyr/demo-game/generated/spring/src/main/java/com/valkyrlabs/api/ChatResponseApiDelegate.java
/Users/johnmcmahon/workspace/2025/valkyr/demo-game/generated/spring/src/main/java/com/valkyrlabs/api/ContentMediaLinkRepository.java
/Users/johnmcmahon/workspace/2025/valkyr/demo-game/generated/spring/src/main/java/com/valkyrlabs/api/LlmDetailsPageableRepository.java
/Users/johnmcmahon/workspace/2025/valkyr/demo-game/generated/spring/src/main/java/com/valkyrlabs/api/AttackRepository.java
/Users/johnmcmahon/workspace/2025/valkyr/demo-game/generated/spring/src/main/java/com/valkyrlabs/api/ExecModuleRepository.java
/Users/johnmcmahon/workspace/2025/valkyr/demo-game/generated/spring/src/main/java/com/valkyrlabs/api/EventLogRepository.java
/Users/johnmcmahon/workspace/2025/valkyr/demo-game/generated/spring/src/main/java/com/valkyrlabs/api/OpportunityRepository.java
/Users/johnmcmahon/workspace/2025/valkyr/demo-game/generated/spring/src/main/java/com/valkyrlabs/api/SecureKeyApiDelegate.java
/Users/johnmcmahon/workspace/2025/valkyr/demo-game/generated/spring/src/main/java/com/valkyrlabs/api/SalesPipelinePageableRepository.java
/Users/johnmcmahon/workspace/2025/valkyr/demo-game/generated/spring/src/main/java/com/valkyrlabs/api/CustomerApiController.java
/Users/johnmcmahon/workspace/2025/valkyr/demo-game/generated/spring/src/main/java/com/valkyrlabs/api/ThorUserRepository.java
/Users/johnmcmahon/workspace/2025/valkyr/demo-game/generated/spring/src/main/java/com/valkyrlabs/api/WorkflowRepository.java
/Users/johnmcmahon/workspace/2025/valkyr/demo-game/generated/spring/src/main/java/com/valkyrlabs/api/ContentDataApiDelegate.java
/Users/johnmcmahon/workspace/2025/valkyr/demo-game/generated/spring/src/main/java/com/valkyrlabs/api/AclEntryApiDelegate.java
/Users/johnmcmahon/workspace/2025/valkyr/demo-game/generated/spring/src/main/java/com/valkyrlabs/api/LoginRepository.java
/Users/johnmcmahon/workspace/2025/valkyr/demo-game/generated/spring/src/main/java/com/valkyrlabs/api/ContentMediaLinkApi.java
/Users/johnmcmahon/workspace/2025/valkyr/demo-game/generated/spring/src/main/java/com/valkyrlabs/api/LevelPageableRepository.java
/Users/johnmcmahon/workspace/2025/valkyr/demo-game/generated/spring/src/main/java/com/valkyrlabs/api/RatingApiDelegate.java
/Users/johnmcmahon/workspace/2025/valkyr/demo-game/generated/spring/src/main/java/com/valkyrlabs/api/LevelApiDelegate.java
/Users/johnmcmahon/workspace/2025/valkyr/demo-game/generated/spring/src/main/java/com/valkyrlabs/api/ContentDataApiController.java
/Users/johnmcmahon/workspace/2025/valkyr/demo-game/generated/spring/src/main/java/com/valkyrlabs/api/TaskApi.java
/Users/johnmcmahon/workspace/2025/valkyr/demo-game/generated/spring/src/main/java/com/valkyrlabs/api/DependPageableRepository.java
/Users/johnmcmahon/workspace/2025/valkyr/demo-game/generated/spring/src/main/java/com/valkyrlabs/api/ExecModuleApiController.java
/Users/johnmcmahon/workspace/2025/valkyr/demo-game/generated/spring/src/main/java/com/valkyrlabs/api/ThorGrantedAuthority.java
/Users/johnmcmahon/workspace/2025/valkyr/demo-game/generated/spring/src/main/java/com/valkyrlabs/api/AclSidRepository.java
/Users/johnmcmahon/workspace/2025/valkyr/demo-game/generated/spring/src/main/java/com/valkyrlabs/api/WorkflowStateApi.java
/Users/johnmcmahon/workspace/2025/valkyr/demo-game/generated/spring/src/main/java/com/valkyrlabs/api/LogoutRepository.java
/Users/johnmcmahon/workspace/2025/valkyr/demo-game/generated/spring/src/main/java/com/valkyrlabs/api/AclEntryPageableRepository.java
/Users/johnmcmahon/workspace/2025/valkyr/demo-game/generated/spring/src/main/java/com/valkyrlabs/api/ApplicationApiController.java
/Users/johnmcmahon/workspace/2025/valkyr/demo-game/generated/spring/src/main/java/com/valkyrlabs/api/LoginPageableRepository.java
/Users/johnmcmahon/workspace/2025/valkyr/demo-game/generated/spring/src/main/java/com/valkyrlabs/api/WorkflowPageableRepository.java
/Users/johnmcmahon/workspace/2025/valkyr/demo-game/generated/spring/src/main/java/com/valkyrlabs/api/PrincipalApiDelegate.java
/Users/johnmcmahon/workspace/2025/valkyr/demo-game/generated/spring/src/main/java/com/valkyrlabs/api/LevelApi.java
/Users/johnmcmahon/workspace/2025/valkyr/demo-game/generated/spring/src/main/java/com/valkyrlabs/api/PrincipalPageableRepository.java
/Users/johnmcmahon/workspace/2025/valkyr/demo-game/generated/spring/src/main/java/com/valkyrlabs/api/SecureKeyRepository.java
/Users/johnmcmahon/workspace/2025/valkyr/demo-game/generated/spring/src/main/java/com/valkyrlabs/api/WorkflowApiDelegate.java
/Users/johnmcmahon/workspace/2025/valkyr/demo-game/generated/spring/src/main/java/com/valkyrlabs/api/IntegrationAccountPageableRepository.java
/Users/johnmcmahon/workspace/2025/valkyr/demo-game/generated/spring/src/main/java/com/valkyrlabs/api/ChatMessageRepository.java
/Users/johnmcmahon/workspace/2025/valkyr/demo-game/generated/spring/src/main/java/com/valkyrlabs/api/IntegrationAccountApiDelegate.java
/Users/johnmcmahon/workspace/2025/valkyr/demo-game/generated/spring/src/main/java/com/valkyrlabs/api/GoalRepository.java
/Users/johnmcmahon/workspace/2025/valkyr/demo-game/generated/spring/src/main/java/com/valkyrlabs/api/PrincipalApiController.java
/Users/johnmcmahon/workspace/2025/valkyr/demo-game/generated/spring/src/main/java/com/valkyrlabs/api/ExecModuleApiDelegate.java
/Users/johnmcmahon/workspace/2025/valkyr/demo-game/generated/spring/src/main/java/com/valkyrlabs/api/WorkflowStateRepository.java
/Users/johnmcmahon/workspace/2025/valkyr/demo-game/generated/spring/src/main/java/com/valkyrlabs/api/IntegrationAccountApiController.java
/Users/johnmcmahon/workspace/2025/valkyr/demo-game/generated/spring/src/main/java/com/valkyrlabs/api/AddressApiDelegate.java
/Users/johnmcmahon/workspace/2025/valkyr/demo-game/generated/spring/src/main/java/com/valkyrlabs/api/LlmDetailsApiDelegate.java
/Users/johnmcmahon/workspace/2025/valkyr/demo-game/generated/spring/src/main/java/com/valkyrlabs/api/CustomerApiDelegate.java
/Users/johnmcmahon/workspace/2025/valkyr/demo-game/generated/spring/src/main/java/com/valkyrlabs/api/LevelRepository.java
/Users/johnmcmahon/workspace/2025/valkyr/demo-game/generated/spring/src/main/java/com/valkyrlabs/api/RoleApiDelegate.java
/Users/johnmcmahon/workspace/2025/valkyr/demo-game/generated/spring/src/main/java/com/valkyrlabs/api/ContentMediaLinkApiDelegate.java
-parameters
